<?xml version="1.0" encoding="UTF-8"?>
<testng-results skipped="2" failed="0" total="15" passed="13">
  <reporter-output>
  </reporter-output>
  <suite name="Suite B" duration-ms="1197" started-at="2016-01-06T03:18:01Z" finished-at="2016-01-06T03:18:03Z">
    <groups>
    </groups>
    <test name="Test B1" duration-ms="557" started-at="2016-01-06T03:18:01Z" finished-at="2016-01-06T03:18:02Z">
      <class name="com.selenium.framework.suiteB.TestB1">
        <test-method status="SKIP" signature="testB1(java.util.Hashtable)[pri:1, instance:com.selenium.framework.suiteB.TestB1@3d24753a]" name="testB1" duration-ms="278" started-at="2016-01-06T08:48:02Z" data-provider="getDataForSuiteB" finished-at="2016-01-06T08:48:02Z">
          <params>
            <param index="0">
              <value>
                <![CDATA[{Date=D22, Price=, Runmode=N, Iteration=2, Quantity=D23, StockName=D21, Browser=Chrome}]]>
              </value>
            </param>
          </params>
          <exception class="org.testng.SkipException">
            <message>
              <![CDATA[Skipping the test testB1 as runmode of data set was NO]]>
            </message>
            <full-stacktrace>
              <![CDATA[org.testng.SkipException: Skipping the test testB1 as runmode of data set was NO
	at com.selenium.framework.util.Utility.validateTestExecution(Utility.java:114)
	at com.selenium.framework.suiteB.TestB1.testB1(TestB1.java:19)
	at sun.reflect.NativeMethodAccessorImpl.invoke0(Native Method)
	at sun.reflect.NativeMethodAccessorImpl.invoke(NativeMethodAccessorImpl.java:62)
	at sun.reflect.DelegatingMethodAccessorImpl.invoke(DelegatingMethodAccessorImpl.java:43)
	at java.lang.reflect.Method.invoke(Method.java:497)
	at org.testng.internal.MethodInvocationHelper.invokeMethod(MethodInvocationHelper.java:86)
	at org.testng.internal.Invoker.invokeMethod(Invoker.java:645)
	at org.testng.internal.Invoker.invokeTestMethod(Invoker.java:822)
	at org.testng.internal.TestMethodWithDataProviderMethodWorker.call(TestMethodWithDataProviderMethodWorker.java:75)
	at org.testng.internal.TestMethodWithDataProviderMethodWorker.call(TestMethodWithDataProviderMethodWorker.java:14)
	at java.util.concurrent.FutureTask.run(FutureTask.java:266)
	at java.util.concurrent.Executors$RunnableAdapter.call(Executors.java:511)
	at java.util.concurrent.FutureTask.run(FutureTask.java:266)
	at java.util.concurrent.ThreadPoolExecutor.runWorker(ThreadPoolExecutor.java:1142)
	at java.util.concurrent.ThreadPoolExecutor$Worker.run(ThreadPoolExecutor.java:617)
	at java.lang.Thread.run(Thread.java:745)
]]>
            </full-stacktrace>
          </exception> <!-- org.testng.SkipException -->
          <reporter-output>
          </reporter-output>
        </test-method> <!-- testB1 -->
        <test-method status="SKIP" signature="testB1(java.util.Hashtable)[pri:1, instance:com.selenium.framework.suiteB.TestB1@3d24753a]" name="testB1" duration-ms="220" started-at="2016-01-06T08:48:02Z" data-provider="getDataForSuiteB" finished-at="2016-01-06T08:48:02Z">
          <params>
            <param index="0">
              <value>
                <![CDATA[{Date=D32, Price=, Runmode=N, Iteration=3, Quantity=D33, StockName=D31, Browser=Chrome}]]>
              </value>
            </param>
          </params>
          <exception class="org.testng.SkipException">
            <message>
              <![CDATA[Skipping the test testB1 as runmode of data set was NO]]>
            </message>
            <full-stacktrace>
              <![CDATA[org.testng.SkipException: Skipping the test testB1 as runmode of data set was NO
	at com.selenium.framework.util.Utility.validateTestExecution(Utility.java:114)
	at com.selenium.framework.suiteB.TestB1.testB1(TestB1.java:19)
	at sun.reflect.NativeMethodAccessorImpl.invoke0(Native Method)
	at sun.reflect.NativeMethodAccessorImpl.invoke(NativeMethodAccessorImpl.java:62)
	at sun.reflect.DelegatingMethodAccessorImpl.invoke(DelegatingMethodAccessorImpl.java:43)
	at java.lang.reflect.Method.invoke(Method.java:497)
	at org.testng.internal.MethodInvocationHelper.invokeMethod(MethodInvocationHelper.java:86)
	at org.testng.internal.Invoker.invokeMethod(Invoker.java:645)
	at org.testng.internal.Invoker.invokeTestMethod(Invoker.java:822)
	at org.testng.internal.TestMethodWithDataProviderMethodWorker.call(TestMethodWithDataProviderMethodWorker.java:75)
	at org.testng.internal.TestMethodWithDataProviderMethodWorker.call(TestMethodWithDataProviderMethodWorker.java:14)
	at java.util.concurrent.FutureTask.run(FutureTask.java:266)
	at java.util.concurrent.Executors$RunnableAdapter.call(Executors.java:511)
	at java.util.concurrent.FutureTask.run(FutureTask.java:266)
	at java.util.concurrent.ThreadPoolExecutor.runWorker(ThreadPoolExecutor.java:1142)
	at java.util.concurrent.ThreadPoolExecutor$Worker.run(ThreadPoolExecutor.java:617)
	at java.lang.Thread.run(Thread.java:745)
]]>
            </full-stacktrace>
          </exception> <!-- org.testng.SkipException -->
          <reporter-output>
          </reporter-output>
        </test-method> <!-- testB1 -->
        <test-method status="PASS" signature="testB1(java.util.Hashtable)[pri:1, instance:com.selenium.framework.suiteB.TestB1@3d24753a]" name="testB1" duration-ms="298" started-at="2016-01-06T08:48:02Z" data-provider="getDataForSuiteB" finished-at="2016-01-06T08:48:02Z">
          <params>
            <param index="0">
              <value>
                <![CDATA[{Date=24/04/2014, Price=100, Runmode=Y, Iteration=1, Quantity=300, StockName=Tata Motors Ltd., Browser=Mozilla}]]>
              </value>
            </param>
          </params>
          <reporter-output>
          </reporter-output>
        </test-method> <!-- testB1 -->
      </class> <!-- com.selenium.framework.suiteB.TestB1 -->
    </test> <!-- Test B1 -->
    <test name="Test B2" duration-ms="257" started-at="2016-01-06T03:18:02Z" finished-at="2016-01-06T03:18:02Z">
      <class name="com.selenium.framework.suiteB.TestB2">
        <test-method status="PASS" signature="testB2(java.util.Hashtable)[pri:1, instance:com.selenium.framework.suiteB.TestB2@506e6d5e]" name="testB2" duration-ms="176" started-at="2016-01-06T08:48:02Z" data-provider="getDataForSuiteB" finished-at="2016-01-06T08:48:02Z">
          <params>
            <param index="0">
              <value>
                <![CDATA[{Col2=X22, Col1=X21, Runmode=Y, Iteration=2}]]>
              </value>
            </param>
          </params>
          <reporter-output>
          </reporter-output>
        </test-method> <!-- testB2 -->
        <test-method status="PASS" signature="testB2(java.util.Hashtable)[pri:1, instance:com.selenium.framework.suiteB.TestB2@506e6d5e]" name="testB2" duration-ms="186" started-at="2016-01-06T08:48:02Z" data-provider="getDataForSuiteB" finished-at="2016-01-06T08:48:02Z">
          <params>
            <param index="0">
              <value>
                <![CDATA[{Col2=X12, Col1=X11, Runmode=Y, Iteration=1}]]>
              </value>
            </param>
          </params>
          <reporter-output>
          </reporter-output>
        </test-method> <!-- testB2 -->
      </class> <!-- com.selenium.framework.suiteB.TestB2 -->
    </test> <!-- Test B2 -->
    <test name="Test B3" duration-ms="242" started-at="2016-01-06T03:18:02Z" finished-at="2016-01-06T03:18:03Z">
      <class name="com.selenium.framework.suiteB.TestB3">
        <test-method status="PASS" signature="testB3(java.util.Hashtable)[pri:1, instance:com.selenium.framework.suiteB.TestB3@7f690630]" name="testB3" duration-ms="194" started-at="2016-01-06T08:48:02Z" data-provider="getDataForSuiteB" finished-at="2016-01-06T08:48:03Z">
          <params>
            <param index="0">
              <value>
                <![CDATA[{Col4=Z24, Col3=Z23, Col2=Z22, Col1=Z21, Runmode=Y, Iteration=2}]]>
              </value>
            </param>
          </params>
          <reporter-output>
          </reporter-output>
        </test-method> <!-- testB3 -->
        <test-method status="PASS" signature="testB3(java.util.Hashtable)[pri:1, instance:com.selenium.framework.suiteB.TestB3@7f690630]" name="testB3" duration-ms="161" started-at="2016-01-06T08:48:02Z" data-provider="getDataForSuiteB" finished-at="2016-01-06T08:48:03Z">
          <params>
            <param index="0">
              <value>
                <![CDATA[{Col4=Z14, Col3=Z13, Col2=Z12, Col1=Z11, Runmode=Y, Iteration=1}]]>
              </value>
            </param>
          </params>
          <reporter-output>
          </reporter-output>
        </test-method> <!-- testB3 -->
      </class> <!-- com.selenium.framework.suiteB.TestB3 -->
    </test> <!-- Test B3 -->
  </suite> <!-- Suite B -->
  <suite name="Suite A" duration-ms="4295" started-at="2016-01-06T03:17:57Z" finished-at="2016-01-06T03:18:01Z">
    <groups>
    </groups>
    <test name="Test A1" duration-ms="3604" started-at="2016-01-06T03:17:57Z" finished-at="2016-01-06T03:18:01Z">
      <class name="com.selenium.framework.suiteA.TestA1">
        <test-method status="PASS" signature="testA1(java.util.Hashtable)[pri:1, instance:com.selenium.framework.suiteA.TestA1@35bbe5e8]" name="testA1" duration-ms="463" started-at="2016-01-06T08:48:00Z" data-provider="getDataForSuiteA" finished-at="2016-01-06T08:48:01Z">
          <params>
            <param index="0">
              <value>
                <![CDATA[{Case=CASE_OK, PortFolioName=PortA6, Runmode=Y, Iteration=1, Browser=Mozilla}]]>
              </value>
            </param>
          </params>
          <reporter-output>
          </reporter-output>
        </test-method> <!-- testA1 -->
        <test-method status="PASS" signature="testA1(java.util.Hashtable)[pri:1, instance:com.selenium.framework.suiteA.TestA1@35bbe5e8]" name="testA1" duration-ms="486" started-at="2016-01-06T08:48:00Z" data-provider="getDataForSuiteA" finished-at="2016-01-06T08:48:01Z">
          <params>
            <param index="0">
              <value>
                <![CDATA[{Case=CASE_OK, PortFolioName=D38, Runmode=Y, Iteration=3, Browser=Mozilla}]]>
              </value>
            </param>
          </params>
          <reporter-output>
          </reporter-output>
        </test-method> <!-- testA1 -->
        <test-method status="PASS" signature="testA1(java.util.Hashtable)[pri:1, instance:com.selenium.framework.suiteA.TestA1@35bbe5e8]" name="testA1" duration-ms="564" started-at="2016-01-06T08:48:00Z" data-provider="getDataForSuiteA" finished-at="2016-01-06T08:48:01Z">
          <params>
            <param index="0">
              <value>
                <![CDATA[{Case=CASE_OK, PortFolioName=xx, Runmode=Y, Iteration=4, Browser=Chrome}]]>
              </value>
            </param>
          </params>
          <reporter-output>
          </reporter-output>
        </test-method> <!-- testA1 -->
        <test-method status="PASS" signature="testA1(java.util.Hashtable)[pri:1, instance:com.selenium.framework.suiteA.TestA1@35bbe5e8]" name="testA1" duration-ms="552" started-at="2016-01-06T08:48:00Z" data-provider="getDataForSuiteA" finished-at="2016-01-06T08:48:01Z">
          <params>
            <param index="0">
              <value>
                <![CDATA[{Case=CASEDUPLICATE_NAME-ERR, PortFolioName=Iter2, Runmode=Y, Iteration=2.0, Browser=Chrome}]]>
              </value>
            </param>
          </params>
          <reporter-output>
          </reporter-output>
        </test-method> <!-- testA1 -->
      </class> <!-- com.selenium.framework.suiteA.TestA1 -->
    </test> <!-- Test A1 -->
    <test name="Test A2" duration-ms="351" started-at="2016-01-06T03:18:01Z" finished-at="2016-01-06T03:18:01Z">
      <class name="com.selenium.framework.suiteA.TestA2">
        <test-method status="PASS" signature="testA2(java.util.Hashtable)[pri:1, instance:com.selenium.framework.suiteA.TestA2@7a79be86]" name="testA2" duration-ms="245" started-at="2016-01-06T08:48:01Z" data-provider="getDataForSuiteA" finished-at="2016-01-06T08:48:01Z">
          <params>
            <param index="0">
              <value>
                <![CDATA[{PortFolioName=PortA6, Runmode=Y, Iteration=1, NewPortFolioName=PortA7, Browser=Mozilla}]]>
              </value>
            </param>
          </params>
          <reporter-output>
          </reporter-output>
        </test-method> <!-- testA2 -->
        <test-method status="PASS" signature="testA2(java.util.Hashtable)[pri:1, instance:com.selenium.framework.suiteA.TestA2@7a79be86]" name="testA2" duration-ms="271" started-at="2016-01-06T08:48:01Z" data-provider="getDataForSuiteA" finished-at="2016-01-06T08:48:01Z">
          <params>
            <param index="0">
              <value>
                <![CDATA[{PortFolioName=Iter2, Runmode=Y, Iteration=2, NewPortFolioName=Iter22, Browser=Chrome}]]>
              </value>
            </param>
          </params>
          <reporter-output>
          </reporter-output>
        </test-method> <!-- testA2 -->
        <test-method status="PASS" signature="testA2(java.util.Hashtable)[pri:1, instance:com.selenium.framework.suiteA.TestA2@7a79be86]" name="testA2" duration-ms="246" started-at="2016-01-06T08:48:01Z" data-provider="getDataForSuiteA" finished-at="2016-01-06T08:48:01Z">
          <params>
            <param index="0">
              <value>
                <![CDATA[{PortFolioName=Iter2, Runmode=Y, Iteration=3, NewPortFolioName=Iter22, Browser=Chrome}]]>
              </value>
            </param>
          </params>
          <reporter-output>
          </reporter-output>
        </test-method> <!-- testA2 -->
      </class> <!-- com.selenium.framework.suiteA.TestA2 -->
    </test> <!-- Test A2 -->
    <test name="Test A3" duration-ms="135" started-at="2016-01-06T03:18:01Z" finished-at="2016-01-06T03:18:01Z">
      <class name="com.selenium.framework.suiteA.TestA3">
        <test-method status="PASS" signature="testA3(java.util.Hashtable)[pri:1, instance:com.selenium.framework.suiteA.TestA3@511baa65]" name="testA3" duration-ms="92" started-at="2016-01-06T08:48:01Z" data-provider="getDataForSuiteA" finished-at="2016-01-06T08:48:01Z">
          <params>
            <param index="0">
              <value>
                <![CDATA[{PortFolioName=PortA7, Runmode=Y, Iteration=1, DependentTests=TestA2-1, Browser=Mozilla}]]>
              </value>
            </param>
          </params>
          <reporter-output>
          </reporter-output>
        </test-method> <!-- testA3 -->
      </class> <!-- com.selenium.framework.suiteA.TestA3 -->
    </test> <!-- Test A3 -->
  </suite> <!-- Suite A -->
  <suite name="My suite" duration-ms="0" started-at="2016-01-06T03:18:03Z" finished-at="2016-01-06T03:18:03Z">
    <groups>
    </groups>
  </suite> <!-- My suite -->
</testng-results>
